# JRE version: Java(TM) SE Runtime Environment (8.0_181-b13) (build 1.8.0_181-b13)
# Java VM: Java HotSpot(TM) 64-Bit Server VM (25.181-b13 mixed mode bsd-amd64 compressed oops)
Heap:
 garbage-first heap   total 262144K, used 139276K [0x0000000780000000, 0x0000000780100800, 0x00000007c0000000)
  region size 1024K, 37 young (37888K), 7 survivors (7168K)
 Metaspace       used 63216K, capacity 66148K, committed 66380K, reserved 1107968K
  class space    used 5976K, capacity 6873K, committed 6988K, reserved 1048576K
GC Heap History (10 events):
Event: 67859.922 GC heap before
{Heap before GC invocations=286 (full 0):
 garbage-first heap   total 262144K, used 229272K [0x0000000780000000, 0x0000000780100800, 0x00000007c0000000)
  region size 1024K, 124 young (126976K), 3 survivors (3072K)
 Metaspace       used 63187K, capacity 66140K, committed 66380K, reserved 1107968K
  class space    used 5973K, capacity 6871K, committed 6988K, reserved 1048576K
Event: 67859.931 GC heap after
Heap after GC invocations=287 (full 0):
 garbage-first heap   total 262144K, used 106272K [0x0000000780000000, 0x0000000780100800, 0x00000007c0000000)
  region size 1024K, 4 young (4096K), 4 survivors (4096K)
 Metaspace       used 63187K, capacity 66140K, committed 66380K, reserved 1107968K
  class space    used 5973K, capacity 6871K, committed 6988K, reserved 1048576K
}
Event: 67872.022 GC heap before
{Heap before GC invocations=287 (full 0):
 garbage-first heap   total 262144K, used 229152K [0x0000000780000000, 0x0000000780100800, 0x00000007c0000000)
  region size 1024K, 124 young (126976K), 4 survivors (4096K)
 Metaspace       used 63187K, capacity 66140K, committed 66380K, reserved 1107968K
  class space    used 5973K, capacity 6871K, committed 6988K, reserved 1048576K
Event: 67872.034 GC heap after
Heap after GC invocations=288 (full 0):
 garbage-first heap   total 262144K, used 108995K [0x0000000780000000, 0x0000000780100800, 0x00000007c0000000)
  region size 1024K, 6 young (6144K), 6 survivors (6144K)
 Metaspace       used 63187K, capacity 66140K, committed 66380K, reserved 1107968K
  class space    used 5973K, capacity 6871K, committed 6988K, reserved 1048576K
}
Event: 67880.524 GC heap before
{Heap before GC invocations=288 (full 0):
 garbage-first heap   total 262144K, used 227779K [0x0000000780000000, 0x0000000780100800, 0x00000007c0000000)
  region size 1024K, 122 young (124928K), 6 survivors (6144K)
 Metaspace       used 63188K, capacity 66140K, committed 66380K, reserved 1107968K
  class space    used 5973K, capacity 6871K, committed 6988K, reserved 1048576K
Event: 67880.538 GC heap after
Heap after GC invocations=289 (full 0):
 garbage-first heap   total 262144K, used 109532K [0x0000000780000000, 0x0000000780100800, 0x00000007c0000000)
  region size 1024K, 7 young (7168K), 7 survivors (7168K)
 Metaspace       used 63188K, capacity 66140K, committed 66380K, reserved 1107968K
  class space    used 5973K, capacity 6871K, committed 6988K, reserved 1048576K
}
Event: 67894.502 GC heap before
{Heap before GC invocations=289 (full 0):
 garbage-first heap   total 262144K, used 226268K [0x0000000780000000, 0x0000000780100800, 0x00000007c0000000)
  region size 1024K, 121 young (123904K), 7 survivors (7168K)
 Metaspace       used 63211K, capacity 66148K, committed 66380K, reserved 1107968K
  class space    used 5976K, capacity 6873K, committed 6988K, reserved 1048576K
Event: 67894.510 GC heap after
Heap after GC invocations=290 (full 0):
 garbage-first heap   total 262144K, used 106995K [0x0000000780000000, 0x0000000780100800, 0x00000007c0000000)
  region size 1024K, 4 young (4096K), 4 survivors (4096K)
 Metaspace       used 63211K, capacity 66148K, committed 66380K, reserved 1107968K
  class space    used 5976K, capacity 6873K, committed 6988K, reserved 1048576K
}
Event: 67900.922 GC heap before
{Heap before GC invocations=290 (full 0):
 garbage-first heap   total 262144K, used 229875K [0x0000000780000000, 0x0000000780100800, 0x00000007c0000000)
  region size 1024K, 124 young (126976K), 4 survivors (4096K)
 Metaspace       used 63214K, capacity 66148K, committed 66380K, reserved 1107968K
  class space    used 5976K, capacity 6873K, committed 6988K, reserved 1048576K
Event: 67900.947 GC heap after
Heap after GC invocations=291 (full 0):
 garbage-first heap   total 262144K, used 109580K [0x0000000780000000, 0x0000000780100800, 0x00000007c0000000)
  region size 1024K, 7 young (7168K), 7 survivors (7168K)
 Metaspace       used 63214K, capacity 66148K, committed 66380K, reserved 1107968K
  class space    used 5976K, capacity 6873K, committed 6988K, reserved 1048576K
}

